<?xml version="1.0" encoding="UTF-8" standalone="no"?><testsuite errors="1" failures="0" name="Realizar la búsqueda de un producto desde la página oficial de Mercado Libre" skipped="0" tests="1" time="1.51" timestamp="2024-02-29 01:02:27"><testcase name="Búsqueda de productos en Mercado Libre"><error message="WebDriver was unable to create a new instance of type class org.openqa.selenium.chrome.ChromeDriver&#10;WebDriver reported the following message: The path to the driver executable The path to the driver executable must be set by the webdriver.chrome.driver system property; for more information, see https://chromedriver.chromium.org/. The latest version can be downloaded from https://chromedriver.chromium.org/downloads&#10;See below for more details." type="net.thucydides.core.webdriver.DriverConfigurationError">WebDriver was unable to create a new instance of type class org.openqa.selenium.chrome.ChromeDriver
WebDriver reported the following message: The path to the driver executable The path to the driver executable must be set by the webdriver.chrome.driver system property; for more information, see https://chromedriver.chromium.org/. The latest version can be downloaded from https://chromedriver.chromium.org/downloads
See below for more details.</error><system-err>WebDriver was unable to create a new instance of type class org.openqa.selenium.chrome.ChromeDriver
WebDriver reported the following message: The path to the driver executable The path to the driver executable must be set by the webdriver.chrome.driver system property; for more information, see https://chromedriver.chromium.org/. The latest version can be downloaded from https://chromedriver.chromium.org/downloads
See below for more details.
co.com.automation.bancolombia.steps.steps.navigateToHomePage(steps.java:14)
io.cucumber.java.Invoker.doInvoke(Invoker.java:66)
io.cucumber.java.Invoker.invoke(Invoker.java:24)
io.cucumber.java.AbstractGlueDefinition.invokeMethod(AbstractGlueDefinition.java:47)
io.cucumber.java.JavaStepDefinition.execute(JavaStepDefinition.java:29)
io.cucumber.core.runner.CoreStepDefinition.execute(CoreStepDefinition.java:66)
io.cucumber.core.runner.PickleStepDefinitionMatch.runStep(PickleStepDefinitionMatch.java:63)
io.cucumber.core.runner.TestStep.executeStep(TestStep.java:85)
io.cucumber.core.runner.TestStep.run(TestStep.java:57)
io.cucumber.core.runner.PickleStepTestStep.run(PickleStepTestStep.java:51)
io.cucumber.core.runner.TestCase.run(TestCase.java:84)
io.cucumber.core.runner.Runner.runPickle(Runner.java:75)
io.cucumber.core.runtime.CucumberExecutionContext.lambda$runTestCase$5(CucumberExecutionContext.java:129)
io.cucumber.core.runtime.RethrowingThrowableCollector.executeAndThrow(RethrowingThrowableCollector.java:23)
io.cucumber.core.runtime.CucumberExecutionContext.runTestCase(CucumberExecutionContext.java:129)
io.cucumber.junit.FeatureRunner.runChild(FeatureRunner.java:144)
io.cucumber.junit.FeatureRunner.runChild(FeatureRunner.java:28)
io.cucumber.junit.FeatureRunner.run(FeatureRunner.java:137)
io.cucumber.junit.CucumberSerenityRunner.runChild(CucumberSerenityRunner.java:259)
io.cucumber.junit.CucumberSerenityRunner.runChild(CucumberSerenityRunner.java:59)
worker.org.gradle.process.internal.worker.GradleWorkerMain.run(GradleWorkerMain.java:69)
worker.org.gradle.process.internal.worker.GradleWorkerMain.main(GradleWorkerMain.java:74)
</system-err></testcase></testsuite>