<?xml version="1.0" encoding="UTF-8" standalone="no"?><testsuite errors="1" failures="0" name="Realizar el ingreso a la pagina web Demo Qa" skipped="0" tests="1" time="0.5" timestamp="2024-02-29 10:42:22"><testcase name="Ingreso a la pagina web Demo Qa"><error message="The actor Yaremis does not have the ability to browse the web" type="net.serenitybdd.screenplay.exceptions.ActorCannotBrowseTheWebException">The actor Yaremis does not have the ability to browse the web</error><system-err>The actor Yaremis does not have the ability to browse the web
net.thucydides.core.steps.StepInterceptor.invokeMethod(StepInterceptor.java:519)
net.thucydides.core.steps.StepInterceptor.executeTestStepMethod(StepInterceptor.java:499)
net.thucydides.core.steps.StepInterceptor.runTestStep(StepInterceptor.java:471)
net.thucydides.core.steps.StepInterceptor.runOrSkipMethod(StepInterceptor.java:213)
net.thucydides.core.steps.StepInterceptor.testStepResult(StepInterceptor.java:200)
net.thucydides.core.steps.StepInterceptor.intercept(StepInterceptor.java:92)
org.fronend.testing.reto.steps.hooks.steps.navigateToHomePage(steps.java:14)
io.cucumber.java.Invoker.doInvoke(Invoker.java:66)
io.cucumber.java.Invoker.invoke(Invoker.java:24)
io.cucumber.java.AbstractGlueDefinition.invokeMethod(AbstractGlueDefinition.java:47)
io.cucumber.java.JavaStepDefinition.execute(JavaStepDefinition.java:29)
io.cucumber.core.runner.CoreStepDefinition.execute(CoreStepDefinition.java:66)
io.cucumber.core.runner.PickleStepDefinitionMatch.runStep(PickleStepDefinitionMatch.java:63)
io.cucumber.core.runner.TestStep.executeStep(TestStep.java:84)
io.cucumber.core.runner.TestStep.run(TestStep.java:56)
io.cucumber.core.runner.PickleStepTestStep.run(PickleStepTestStep.java:51)
io.cucumber.core.runner.TestCase.run(TestCase.java:84)
io.cucumber.core.runner.Runner.runPickle(Runner.java:75)
io.cucumber.core.runtime.CucumberExecutionContext.lambda$runTestCase$5(CucumberExecutionContext.java:137)
io.cucumber.core.runtime.RethrowingThrowableCollector.executeAndThrow(RethrowingThrowableCollector.java:23)
io.cucumber.core.runtime.CucumberExecutionContext.runTestCase(CucumberExecutionContext.java:137)
io.cucumber.junit.FeatureRunner.runChild(FeatureRunner.java:144)
io.cucumber.junit.FeatureRunner.runChild(FeatureRunner.java:28)
io.cucumber.junit.FeatureRunner.run(FeatureRunner.java:137)
io.cucumber.junit.CucumberSerenityBaseRunner.runChild(CucumberSerenityBaseRunner.java:332)
io.cucumber.junit.CucumberSerenityBaseRunner.runChild(CucumberSerenityBaseRunner.java:53)
worker.org.gradle.process.internal.worker.GradleWorkerMain.run(GradleWorkerMain.java:69)
worker.org.gradle.process.internal.worker.GradleWorkerMain.main(GradleWorkerMain.java:74)
</system-err></testcase></testsuite>